E, [2021-01-27T09:07:16.416991 #15510] ERROR -- Kitchen: ------Exception-------
E, [2021-01-27T09:07:16.417087 #15510] ERROR -- Kitchen: Class: Kitchen::UserError
E, [2021-01-27T09:07:16.417107 #15510] ERROR -- Kitchen: Message: Kitchen YAML file /Users/sue/Documents/Git_Projects/exam-notes/chef/learn_chef2/kitchen.yml does not exist.
E, [2021-01-27T09:07:16.417122 #15510] ERROR -- Kitchen: ----------------------
E, [2021-01-27T09:07:16.417135 #15510] ERROR -- Kitchen: ------Backtrace-------
E, [2021-01-27T09:07:16.417147 #15510] ERROR -- Kitchen: /opt/chef-workstation/embedded/lib/ruby/gems/2.7.0/gems/test-kitchen-2.9.0/lib/kitchen/loader/yaml.rb:64:in `read'
E, [2021-01-27T09:07:16.417160 #15510] ERROR -- Kitchen: /opt/chef-workstation/embedded/lib/ruby/gems/2.7.0/gems/test-kitchen-2.9.0/lib/kitchen/config.rb:153:in `data'
E, [2021-01-27T09:07:16.417173 #15510] ERROR -- Kitchen: /opt/chef-workstation/embedded/lib/ruby/gems/2.7.0/gems/test-kitchen-2.9.0/lib/kitchen/config.rb:131:in `suites'
E, [2021-01-27T09:07:16.417186 #15510] ERROR -- Kitchen: /opt/chef-workstation/embedded/lib/ruby/gems/2.7.0/gems/test-kitchen-2.9.0/lib/kitchen/config.rb:183:in `filter_instances'
E, [2021-01-27T09:07:16.417198 #15510] ERROR -- Kitchen: /opt/chef-workstation/embedded/lib/ruby/gems/2.7.0/gems/test-kitchen-2.9.0/lib/kitchen/config.rb:142:in `build_instances'
E, [2021-01-27T09:07:16.417211 #15510] ERROR -- Kitchen: /opt/chef-workstation/embedded/lib/ruby/gems/2.7.0/gems/test-kitchen-2.9.0/lib/kitchen/config.rb:116:in `instances'
E, [2021-01-27T09:07:16.417223 #15510] ERROR -- Kitchen: /opt/chef-workstation/embedded/lib/ruby/gems/2.7.0/gems/test-kitchen-2.9.0/lib/kitchen/command.rb:109:in `filtered_instances'
E, [2021-01-27T09:07:16.417238 #15510] ERROR -- Kitchen: /opt/chef-workstation/embedded/lib/ruby/gems/2.7.0/gems/test-kitchen-2.9.0/lib/kitchen/command.rb:139:in `parse_subcommand'
E, [2021-01-27T09:07:16.417251 #15510] ERROR -- Kitchen: /opt/chef-workstation/embedded/lib/ruby/gems/2.7.0/gems/test-kitchen-2.9.0/lib/kitchen/command/list.rb:29:in `call'
E, [2021-01-27T09:07:16.417264 #15510] ERROR -- Kitchen: /opt/chef-workstation/embedded/lib/ruby/gems/2.7.0/gems/test-kitchen-2.9.0/lib/kitchen/cli.rb:52:in `perform'
E, [2021-01-27T09:07:16.417276 #15510] ERROR -- Kitchen: /opt/chef-workstation/embedded/lib/ruby/gems/2.7.0/gems/test-kitchen-2.9.0/lib/kitchen/cli.rb:120:in `list'
E, [2021-01-27T09:07:16.417288 #15510] ERROR -- Kitchen: /opt/chef-workstation/embedded/lib/ruby/gems/2.7.0/gems/thor-1.0.1/lib/thor/command.rb:27:in `run'
E, [2021-01-27T09:07:16.417300 #15510] ERROR -- Kitchen: /opt/chef-workstation/embedded/lib/ruby/gems/2.7.0/gems/thor-1.0.1/lib/thor/invocation.rb:127:in `invoke_command'
E, [2021-01-27T09:07:16.417313 #15510] ERROR -- Kitchen: /opt/chef-workstation/embedded/lib/ruby/gems/2.7.0/gems/thor-1.0.1/lib/thor.rb:392:in `dispatch'
E, [2021-01-27T09:07:16.417325 #15510] ERROR -- Kitchen: /opt/chef-workstation/embedded/lib/ruby/gems/2.7.0/gems/thor-1.0.1/lib/thor/base.rb:485:in `start'
E, [2021-01-27T09:07:16.417337 #15510] ERROR -- Kitchen: /opt/chef-workstation/embedded/lib/ruby/gems/2.7.0/gems/test-kitchen-2.9.0/bin/kitchen:11:in `block in <top (required)>'
E, [2021-01-27T09:07:16.417350 #15510] ERROR -- Kitchen: /opt/chef-workstation/embedded/lib/ruby/gems/2.7.0/gems/test-kitchen-2.9.0/lib/kitchen/errors.rb:170:in `with_friendly_errors'
E, [2021-01-27T09:07:16.417362 #15510] ERROR -- Kitchen: /opt/chef-workstation/embedded/lib/ruby/gems/2.7.0/gems/test-kitchen-2.9.0/bin/kitchen:11:in `<top (required)>'
E, [2021-01-27T09:07:16.417376 #15510] ERROR -- Kitchen: /usr/local/bin/kitchen:342:in `load'
E, [2021-01-27T09:07:16.417389 #15510] ERROR -- Kitchen: /usr/local/bin/kitchen:342:in `<main>'
E, [2021-01-27T09:07:16.417401 #15510] ERROR -- Kitchen: ----End Backtrace-----
